Copyright 1986-2018 Xilinx, Inc. All Rights Reserved.
----------------------------------------------------------------------------------------
| Tool Version : Vivado v.2018.2 (win64) Build 2258646 Thu Jun 14 20:03:12 MDT 2018
| Date         : Thu Nov  6 04:42:20 2025
| Host         : DESKTOP-DT1C5A6 running 64-bit major release  (build 9200)
| Command      : report_control_sets -verbose -file Top_Student_control_sets_placed.rpt
| Design       : Top_Student
| Device       : xc7a35t
----------------------------------------------------------------------------------------

Control Set Information

Table of Contents
-----------------
1. Summary
2. Histogram
3. Flip-Flop Distribution
4. Detailed Control Set Information

1. Summary
----------

+----------------------------------------------------------+-------+
|                          Status                          | Count |
+----------------------------------------------------------+-------+
| Number of unique control sets                            |    39 |
| Unused register locations in slices containing registers |   100 |
+----------------------------------------------------------+-------+


2. Histogram
------------

+--------+--------------+
| Fanout | Control Sets |
+--------+--------------+
|      2 |            1 |
|      8 |            1 |
|     10 |            4 |
|     12 |            7 |
|     14 |            6 |
|    16+ |           20 |
+--------+--------------+


3. Flip-Flop Distribution
-------------------------

+--------------+-----------------------+------------------------+-----------------+--------------+
| Clock Enable | Synchronous Set/Reset | Asynchronous Set/Reset | Total Registers | Total Slices |
+--------------+-----------------------+------------------------+-----------------+--------------+
| No           | No                    | No                     |             126 |           35 |
| No           | No                    | Yes                    |             186 |           61 |
| No           | Yes                   | No                     |             198 |           29 |
| Yes          | No                    | No                     |              56 |           17 |
| Yes          | No                    | Yes                    |             420 |           94 |
| Yes          | Yes                   | No                     |             154 |           27 |
+--------------+-----------------------+------------------------+-----------------+--------------+


4. Detailed Control Set Information
-----------------------------------

+--------------------+--------------------------------------------------+----------------------------------------------+------------------+----------------+
|    Clock Signal    |                   Enable Signal                  |               Set/Reset Signal               | Slice Load Count | Bel Load Count |
+--------------------+--------------------------------------------------+----------------------------------------------+------------------+----------------+
| ~clk_6p25MHz_BUFG  |                                                  |                                              |                1 |              2 |
|  clk_movement_BUFG | merge_controller/hint_timer                      | merge_controller/hint_timer[5]_i_1_n_0       |                2 |              8 |
|  clk_movement_BUFG | merge_controller/tutorial_merge_step_target      |                                              |                3 |             10 |
|  clk_movement_BUFG | merge_controller/pulse_timer                     | merge_controller/pulse_state4_out            |                2 |             10 |
|  clk_movement_BUFG | merge_controller/separator_visible[4]_i_1_n_0    | merge_controller/btn_reset                   |                3 |             10 |
|  clk_movement_BUFG | merge_controller/flash_timer[4]_i_1_n_0          | merge_controller/btn_reset                   |                2 |             10 |
|  clk_movement_BUFG | merge_controller/target_y[0][5]_i_1_n_0          | merge_controller/btn_reset                   |                5 |             12 |
|  clk_movement_BUFG | merge_controller/array_positions_y[5][5]_i_1_n_0 | merge_controller/btn_reset                   |                4 |             12 |
|  clk_movement_BUFG | merge_controller/array_positions_y[3][5]_i_1_n_0 | merge_controller/btn_reset                   |                3 |             12 |
|  clk_movement_BUFG | merge_controller/array_positions_y[4][5]_i_1_n_0 | merge_controller/btn_reset                   |                3 |             12 |
|  clk_movement_BUFG | merge_controller/array_positions_y[1][5]_i_1_n_0 | merge_controller/btn_reset                   |                4 |             12 |
|  clk_movement_BUFG | merge_controller/array_positions_y[2][5]_i_1_n_0 | merge_controller/btn_reset                   |                3 |             12 |
|  clk_movement_BUFG | merge_controller/array_positions_y[0][5]_i_1_n_0 | merge_controller/btn_reset                   |                4 |             12 |
|  clk_movement_BUFG | merge_controller/array_positions_x[1][6]_i_1_n_0 | merge_controller/btn_reset                   |                2 |             14 |
|  clk_movement_BUFG | merge_controller/array_positions_x[0][6]_i_1_n_0 | merge_controller/btn_reset                   |                2 |             14 |
|  clk_movement_BUFG | merge_controller/array_positions_x[3][6]_i_1_n_0 | merge_controller/btn_reset                   |                4 |             14 |
|  clk_movement_BUFG | merge_controller/array_positions_x[2][6]_i_1_n_0 | merge_controller/btn_reset                   |                2 |             14 |
|  clk_movement_BUFG | merge_controller/array_positions_x[4][6]_i_1_n_0 | merge_controller/btn_reset                   |                3 |             14 |
|  clk_movement_BUFG | merge_controller/array_positions_x[5][6]_i_1_n_0 | merge_controller/btn_reset                   |                2 |             14 |
|  clk_movement_BUFG | merge_controller/sort_timer[7]_i_1_n_0           | merge_controller/btn_reset                   |                3 |             16 |
|  clk_movement_BUFG | merge_controller/step_timer[7]_i_1_n_0           | merge_controller/btn_reset                   |                5 |             16 |
|  clk_movement_BUFG | merge_controller/element_correct                 |                                              |               10 |             22 |
|  clk_movement_BUFG | merge_controller/answer_colors                   |                                              |                4 |             24 |
|  clk_IBUF_BUFG     |                                                  | clear                                        |                4 |             32 |
|  clk_movement_BUFG | merge_controller/answer_colors                   | merge_controller/answer_colors[0][1]_i_1_n_0 |                8 |             32 |
| ~clk_6p25MHz_BUFG  |                                                  | merge_controller/btn_reset                   |                3 |             34 |
|  clk_IBUF_BUFG     | merge_controller/debounce_up[19]_i_1_n_0         | merge_controller/btn_reset                   |                8 |             40 |
|  clk_IBUF_BUFG     | merge_controller/debounce_center[19]_i_1_n_0     | merge_controller/btn_reset                   |                9 |             40 |
|  clk_IBUF_BUFG     | merge_controller/debounce_down[19]_i_1_n_0       | merge_controller/btn_reset                   |                7 |             40 |
| ~clk_6p25MHz_BUFG  | oled_display/delay[0]_i_1_n_0                    | merge_controller/btn_reset                   |                5 |             40 |
|  clk_IBUF_BUFG     | merge_controller/debounce_right[19]_i_1_n_0      | merge_controller/btn_reset                   |                9 |             40 |
|  clk_IBUF_BUFG     | merge_controller/debounce_left[19]_i_1_n_0       | merge_controller/btn_reset                   |                7 |             40 |
|  clk_IBUF_BUFG     |                                                  | clk_counter_movement[0]_i_1_n_0              |                6 |             42 |
|  clk_IBUF_BUFG     |                                                  | merge_controller/btn_reset                   |               11 |             50 |
|  clk_movement_BUFG |                                                  |                                              |               17 |             54 |
| ~clk_6p25MHz_BUFG  | oled_display/state                               | merge_controller/btn_reset                   |               10 |             64 |
|  clk_IBUF_BUFG     |                                                  |                                              |               17 |             70 |
| ~clk_6p25MHz_BUFG  |                                                  | oled_display/spi_word[39]_i_1_n_0            |               16 |             90 |
|  clk_movement_BUFG |                                                  | merge_controller/btn_reset                   |               50 |            136 |
+--------------------+--------------------------------------------------+----------------------------------------------+------------------+----------------+


